2024-11-05 23:54:35,224 ERROR: Error during processing: [Errno 2] No such file or directory: 'D:\\Junq\\NTCL\\Food-recognition-app\\Backend-API\\uploads\\image.jpg' [in D:\Junq\NTCL\Food-recognition-app\Backend-API\app\controllers\detect_controller.py:164]
2024-11-05 23:54:35,687 ERROR: Error during processing: [Errno 2] No such file or directory: 'D:\\Junq\\NTCL\\Food-recognition-app\\Backend-API\\uploads\\image.jpg' [in D:\Junq\NTCL\Food-recognition-app\Backend-API\app\controllers\detect_controller.py:164]
2024-11-06 23:12:02,053 ERROR: Error during processing: [Errno 2] No such file or directory: 'D:\\Junq\\NTCL\\Food-recognition-app\\Backend-API\\uploads\\image.jpg' [in D:\Junq\NTCL\Food-recognition-app\Backend-API\app\controllers\detect_controller.py:164]
2024-11-06 23:12:02,568 ERROR: Error during processing: [Errno 2] No such file or directory: 'D:\\Junq\\NTCL\\Food-recognition-app\\Backend-API\\uploads\\image.jpg' [in D:\Junq\NTCL\Food-recognition-app\Backend-API\app\controllers\detect_controller.py:164]
2024-11-06 23:13:04,299 ERROR: Error during processing: HTTPSConnectionPool(host='api.spoonacular.com', port=443): Max retries exceeded with url: /recipes/complexSearch?apiKey=9e4d91f865024b05b164374d8e4c5ad8&includeIngredients=tomato%2Cchicken&number=5&ranking=1&addRecipeInformation=True (Caused by NewConnectionError('<urllib3.connection.HTTPSConnection object at 0x000001D163C6ACD0>: Failed to establish a new connection: [WinError 10065] A socket operation was attempted to an unreachable host')) [in D:\Junq\NTCL\Food-recognition-app\Backend-API\app\controllers\detect_controller.py:164]
2024-11-06 23:13:04,424 ERROR: Error during processing: HTTPSConnectionPool(host='api.spoonacular.com', port=443): Max retries exceeded with url: /recipes/complexSearch?apiKey=9e4d91f865024b05b164374d8e4c5ad8&includeIngredients=tomato%2Cchicken&number=5&ranking=1&addRecipeInformation=True (Caused by NewConnectionError('<urllib3.connection.HTTPSConnection object at 0x000001D163C81E90>: Failed to establish a new connection: [WinError 10051] A socket operation was attempted to an unreachable network')) [in D:\Junq\NTCL\Food-recognition-app\Backend-API\app\controllers\detect_controller.py:164]
2024-11-06 23:13:04,424 ERROR: Error during processing: HTTPSConnectionPool(host='api.spoonacular.com', port=443): Max retries exceeded with url: /recipes/complexSearch?apiKey=9e4d91f865024b05b164374d8e4c5ad8&includeIngredients=tomato%2Cchicken&number=5&ranking=1&addRecipeInformation=True (Caused by NewConnectionError('<urllib3.connection.HTTPSConnection object at 0x000001D163C78810>: Failed to establish a new connection: [WinError 10051] A socket operation was attempted to an unreachable network')) [in D:\Junq\NTCL\Food-recognition-app\Backend-API\app\controllers\detect_controller.py:164]
2024-11-06 23:13:04,424 ERROR: Error during processing: HTTPSConnectionPool(host='api.spoonacular.com', port=443): Max retries exceeded with url: /recipes/complexSearch?apiKey=9e4d91f865024b05b164374d8e4c5ad8&includeIngredients=tomato%2Cchicken&number=5&ranking=1&addRecipeInformation=True (Caused by NewConnectionError('<urllib3.connection.HTTPSConnection object at 0x000001D163C80610>: Failed to establish a new connection: [WinError 10051] A socket operation was attempted to an unreachable network')) [in D:\Junq\NTCL\Food-recognition-app\Backend-API\app\controllers\detect_controller.py:164]
2024-11-06 23:13:04,424 ERROR: Error during processing: HTTPSConnectionPool(host='api.spoonacular.com', port=443): Max retries exceeded with url: /recipes/715415/nutritionWidget.json?apiKey=9e4d91f865024b05b164374d8e4c5ad8 (Caused by NewConnectionError('<urllib3.connection.HTTPSConnection object at 0x000001D163CA8610>: Failed to establish a new connection: [WinError 10051] A socket operation was attempted to an unreachable network')) [in D:\Junq\NTCL\Food-recognition-app\Backend-API\app\controllers\detect_controller.py:164]
2024-11-06 23:13:04,424 ERROR: Error during processing: HTTPSConnectionPool(host='api.spoonacular.com', port=443): Max retries exceeded with url: /recipes/715415/nutritionWidget.json?apiKey=9e4d91f865024b05b164374d8e4c5ad8 (Caused by NewConnectionError('<urllib3.connection.HTTPSConnection object at 0x000001D163C955D0>: Failed to establish a new connection: [WinError 10051] A socket operation was attempted to an unreachable network')) [in D:\Junq\NTCL\Food-recognition-app\Backend-API\app\controllers\detect_controller.py:164]
2024-11-06 23:13:04,424 ERROR: Error during processing: HTTPSConnectionPool(host='api.spoonacular.com', port=443): Max retries exceeded with url: /recipes/715415/nutritionWidget.json?apiKey=9e4d91f865024b05b164374d8e4c5ad8 (Caused by NewConnectionError('<urllib3.connection.HTTPSConnection object at 0x000001D163CA0A10>: Failed to establish a new connection: [WinError 10051] A socket operation was attempted to an unreachable network')) [in D:\Junq\NTCL\Food-recognition-app\Backend-API\app\controllers\detect_controller.py:164]
2024-11-06 23:31:16,646 ERROR: Error during processing: [Errno 2] No such file or directory: 'D:\\Junq\\NTCL\\Food-recognition-app\\Backend-API\\uploads\\image.jpg' [in D:\Junq\NTCL\Food-recognition-app\Backend-API\app\controllers\detect_controller.py:164]
2024-11-10 15:44:28,285 ERROR: Failed to fetch nutrition info for Recipe ID 716361: {"status":"failure", "code":402,"message":"Your daily points limit of 150 has been reached. Please upgrade your plan to continue using the API."} [in D:\Junq\NTCL\Food-recognition-app\Backend-API\app\controllers\detect_controller.py:188]
2024-11-10 15:44:29,305 ERROR: Failed to fetch nutrition info for Recipe ID 664090: {"status":"failure", "code":402,"message":"Your daily points limit of 150 has been reached. Please upgrade your plan to continue using the API."} [in D:\Junq\NTCL\Food-recognition-app\Backend-API\app\controllers\detect_controller.py:188]
2024-11-10 15:44:30,009 ERROR: Failed to fetch nutrition info for Recipe ID 715391: {"status":"failure", "code":402,"message":"Your daily points limit of 150 has been reached. Please upgrade your plan to continue using the API."} [in D:\Junq\NTCL\Food-recognition-app\Backend-API\app\controllers\detect_controller.py:188]
2024-11-11 14:32:17,842 ERROR: Error during processing: name 'API_KEYS' is not defined [in D:\Junq\2024\DOAN\Food-recognition-app\Backend-API\app\controllers\detect_controller.py:181]
2024-11-11 14:37:04,630 ERROR: Failed to fetch nutrition info for Recipe ID 715421: {"status":"failure", "code":402,"message":"Your daily points limit of 150 has been reached. Please upgrade your plan to continue using the API."} [in D:\Junq\2024\DOAN\Food-recognition-app\Backend-API\app\controllers\detect_controller.py:205]
2024-11-11 14:37:05,475 ERROR: Failed to fetch nutrition info for Recipe ID 716361: {"status":"failure", "code":402,"message":"Your daily points limit of 150 has been reached. Please upgrade your plan to continue using the API."} [in D:\Junq\2024\DOAN\Food-recognition-app\Backend-API\app\controllers\detect_controller.py:205]
2024-11-11 14:37:06,280 ERROR: Failed to fetch nutrition info for Recipe ID 661340: {"status":"failure", "code":402,"message":"Your daily points limit of 150 has been reached. Please upgrade your plan to continue using the API."} [in D:\Junq\2024\DOAN\Food-recognition-app\Backend-API\app\controllers\detect_controller.py:205]
2024-11-11 14:37:07,021 ERROR: Failed to fetch nutrition info for Recipe ID 660405: {"status":"failure", "code":402,"message":"Your daily points limit of 150 has been reached. Please upgrade your plan to continue using the API."} [in D:\Junq\2024\DOAN\Food-recognition-app\Backend-API\app\controllers\detect_controller.py:205]
2024-11-11 15:13:20,050 ERROR: Failed to fetch nutrition info for Recipe ID 715415: {"status":"failure", "code":402,"message":"Your daily points limit of 150 has been reached. Please upgrade your plan to continue using the API."} [in D:\Junq\2024\DOAN\Food-recognition-app\Backend-API\app\controllers\detect_controller.py:205]
2024-11-11 15:13:20,948 ERROR: Failed to fetch nutrition info for Recipe ID 715421: {"status":"failure", "code":402,"message":"Your daily points limit of 150 has been reached. Please upgrade your plan to continue using the API."} [in D:\Junq\2024\DOAN\Food-recognition-app\Backend-API\app\controllers\detect_controller.py:205]
2024-11-11 15:13:21,878 ERROR: Failed to fetch nutrition info for Recipe ID 716361: {"status":"failure", "code":402,"message":"Your daily points limit of 150 has been reached. Please upgrade your plan to continue using the API."} [in D:\Junq\2024\DOAN\Food-recognition-app\Backend-API\app\controllers\detect_controller.py:205]
2024-11-11 15:13:22,665 ERROR: Failed to fetch nutrition info for Recipe ID 661340: {"status":"failure", "code":402,"message":"Your daily points limit of 150 has been reached. Please upgrade your plan to continue using the API."} [in D:\Junq\2024\DOAN\Food-recognition-app\Backend-API\app\controllers\detect_controller.py:205]
2024-11-11 15:13:23,387 ERROR: Failed to fetch nutrition info for Recipe ID 660405: {"status":"failure", "code":402,"message":"Your daily points limit of 150 has been reached. Please upgrade your plan to continue using the API."} [in D:\Junq\2024\DOAN\Food-recognition-app\Backend-API\app\controllers\detect_controller.py:205]
2024-11-11 23:10:27,739 ERROR: Error during processing: can only concatenate str (not "dict") to str [in D:\Junq\NTCL\Food-recognition-app\Backend-API\app\controllers\detect_controller.py:184]
2024-11-11 23:10:41,664 ERROR: Error during processing: can only concatenate str (not "dict") to str [in D:\Junq\NTCL\Food-recognition-app\Backend-API\app\controllers\detect_controller.py:184]
2024-11-11 23:25:59,760 ERROR: Error during processing: index 0 is out of bounds for axis 0 with size 0 [in D:\Junq\NTCL\Food-recognition-app\Backend-API\app\controllers\detect_controller.py:197]
2024-11-11 23:26:26,220 ERROR: Error during processing: index 0 is out of bounds for axis 0 with size 0 [in D:\Junq\NTCL\Food-recognition-app\Backend-API\app\controllers\detect_controller.py:197]
2024-11-11 23:29:33,578 ERROR: Error during processing: index 0 is out of bounds for axis 0 with size 0 [in D:\Junq\NTCL\Food-recognition-app\Backend-API\app\controllers\detect_controller.py:197]
2024-11-11 23:29:43,577 ERROR: Error during processing: index 0 is out of bounds for axis 0 with size 0 [in D:\Junq\NTCL\Food-recognition-app\Backend-API\app\controllers\detect_controller.py:197]
2024-11-26 17:31:10,420 ERROR: Error in generating daily meal plan: Cannot choose from an empty sequence [in D:\Junq\2024\DOAN\Food-recognition-app\Backend-API\app\controllers\detect_controller.py:386]
2024-11-26 17:32:34,483 ERROR: Error in generating daily meal plan: No breakfast recipes available. [in D:\Junq\2024\DOAN\Food-recognition-app\Backend-API\app\controllers\detect_controller.py:393]
2024-11-26 17:33:47,699 ERROR: Error in generating daily meal plan: No breakfast recipes available. [in D:\Junq\2024\DOAN\Food-recognition-app\Backend-API\app\controllers\detect_controller.py:393]
2024-11-26 17:36:00,554 ERROR: Error in generating daily meal plan: No breakfast recipes available. [in D:\Junq\2024\DOAN\Food-recognition-app\Backend-API\app\controllers\detect_controller.py:397]
2024-11-26 17:38:04,152 ERROR: Error in generating daily meal plan: No breakfast recipes available. [in D:\Junq\2024\DOAN\Food-recognition-app\Backend-API\app\controllers\detect_controller.py:397]
2024-11-26 23:07:54,457 ERROR: Error in generating daily meal plan: No lunch recipes available. [in D:\Junq\2024\DOAN\Food-recognition-app\Backend-API\app\controllers\detect_controller.py:397]
2024-11-26 23:15:36,400 ERROR: Error in generating daily meal plan: No lunch recipes available. [in D:\Junq\2024\DOAN\Food-recognition-app\Backend-API\app\controllers\detect_controller.py:395]
2024-11-26 23:27:45,036 ERROR: Error in generating daily meal plan: No lunch recipes available. [in D:\Junq\2024\DOAN\Food-recognition-app\Backend-API\app\controllers\detect_controller.py:395]
2024-11-26 23:34:58,740 ERROR: Error in generating daily meal plan:  [in D:\Junq\2024\DOAN\Food-recognition-app\Backend-API\app\controllers\detect_controller.py:398]
2024-11-26 23:35:13,941 ERROR: Error in generating daily meal plan:  [in D:\Junq\2024\DOAN\Food-recognition-app\Backend-API\app\controllers\detect_controller.py:398]
2024-11-26 23:42:16,322 ERROR: Error in generating daily meal plan:  [in D:\Junq\2024\DOAN\Food-recognition-app\Backend-API\app\controllers\detect_controller.py:398]
2024-11-26 23:55:03,897 ERROR: Error in generating daily meal plan: 'ingredients' [in D:\Junq\2024\DOAN\Food-recognition-app\Backend-API\app\controllers\detect_controller.py:409]
2024-11-27 15:02:40,453 ERROR: Error in generating daily meal plan: No breakfast recipes available. [in D:\Junq\2024\DOAN\Food-recognition-app\Backend-API\app\controllers\detect_controller.py:402]
2024-11-27 16:29:51,102 ERROR: Error fetching recipe details for recipe ID 46: 'RecipeInfo' object has no attribute 'cooking_time' [in D:\Junq\2024\DOAN\Food-recognition-app\Backend-API\app\controllers\detect_controller.py:486]
2024-11-27 16:29:51,109 ERROR: Error fetching recipe details for recipe ID 45: 'RecipeInfo' object has no attribute 'cooking_time' [in D:\Junq\2024\DOAN\Food-recognition-app\Backend-API\app\controllers\detect_controller.py:486]
2024-11-27 16:29:51,116 ERROR: Error fetching recipe details for recipe ID 47: 'RecipeInfo' object has no attribute 'cooking_time' [in D:\Junq\2024\DOAN\Food-recognition-app\Backend-API\app\controllers\detect_controller.py:486]
2024-12-12 11:28:08,790 ERROR: Error in generating daily meal plan: unsupported operand type(s) for -: 'float' and 'NoneType' [in D:\Junq\2024\DOAN\Food-recognition-app\Backend-API\app\controllers\detect_controller.py:444]
2024-12-12 11:28:12,425 ERROR: Error in generating daily meal plan: unsupported operand type(s) for -: 'float' and 'NoneType' [in D:\Junq\2024\DOAN\Food-recognition-app\Backend-API\app\controllers\detect_controller.py:444]
2024-12-17 15:39:32,438 INFO: No objects detected [in D:\Junq\2024\DOAN\Food-recognition-app\Backend-API\app\controllers\detect_controller.py:171]
2024-12-17 15:39:52,910 INFO: No objects detected [in D:\Junq\2024\DOAN\Food-recognition-app\Backend-API\app\controllers\detect_controller.py:171]
2024-12-18 22:54:21,278 INFO: No objects detected [in C:\IL-Junq\Projects\VKU-2024\Food-recognition-app\Backend-API\app\controllers\detect_controller.py:171]
2024-12-18 23:10:23,065 INFO: No objects detected [in C:\IL-Junq\Projects\VKU-2024\Food-recognition-app\Backend-API\app\controllers\detect_controller.py:172]
2024-12-18 23:10:25,008 INFO: No objects detected [in C:\IL-Junq\Projects\VKU-2024\Food-recognition-app\Backend-API\app\controllers\detect_controller.py:172]
2024-12-18 23:10:26,016 INFO: No objects detected [in C:\IL-Junq\Projects\VKU-2024\Food-recognition-app\Backend-API\app\controllers\detect_controller.py:172]
2024-12-18 23:14:29,178 INFO: No objects detected [in C:\IL-Junq\Projects\VKU-2024\Food-recognition-app\Backend-API\app\controllers\detect_controller.py:172]
2026-04-11 16:09:16,924 ERROR: Database error when fetching recipes: (psycopg2.errors.UndefinedFunction) operator does not exist: smallint = boolean
LINE 3: WHERE recipes_contribution.accept_contribution = true
                                                       ^
HINT:  No operator matches the given name and argument types. You might need to add explicit type casts.

[SQL: SELECT recipe_info.id_recipe AS recipe_info_id_recipe, recipe_info.name_recipe AS recipe_info_name_recipe, recipe_info.image AS recipe_info_image, recipe_info.type AS recipe_info_type, recipe_info.status AS recipe_info_status, recipe_info.summary AS recipe_info_summary 
FROM recipe_info JOIN recipes_contribution ON recipe_info.id_recipe = recipes_contribution.id_recipe 
WHERE recipes_contribution.accept_contribution = true]
(Background on this error at: https://sqlalche.me/e/20/f405) [in D:\Education\Food-recognition-app\Backend-API\app\controllers\detect_controller.py:582]
2026-04-14 17:14:12,593 ERROR: Database error when fetching recipes: (psycopg2.errors.UndefinedFunction) operator does not exist: smallint = boolean
LINE 3: WHERE recipes_contribution.accept_contribution = true
                                                       ^
HINT:  No operator matches the given name and argument types. You might need to add explicit type casts.

[SQL: SELECT recipe_info.id_recipe AS recipe_info_id_recipe, recipe_info.name_recipe AS recipe_info_name_recipe, recipe_info.image AS recipe_info_image, recipe_info.type AS recipe_info_type, recipe_info.status AS recipe_info_status, recipe_info.summary AS recipe_info_summary 
FROM recipe_info JOIN recipes_contribution ON recipe_info.id_recipe = recipes_contribution.id_recipe 
WHERE recipes_contribution.accept_contribution = true]
(Background on this error at: https://sqlalche.me/e/20/f405) [in D:\Education\Food-recognition-app\Backend-APi\app\controllers\detect_controller.py:583]
2026-04-14 17:17:58,920 ERROR: Database error when fetching recipes: (psycopg2.errors.UndefinedFunction) operator does not exist: smallint = boolean
LINE 3: WHERE recipes_contribution.accept_contribution = true
                                                       ^
HINT:  No operator matches the given name and argument types. You might need to add explicit type casts.

[SQL: SELECT recipe_info.id_recipe AS recipe_info_id_recipe, recipe_info.name_recipe AS recipe_info_name_recipe, recipe_info.image AS recipe_info_image, recipe_info.type AS recipe_info_type, recipe_info.status AS recipe_info_status, recipe_info.summary AS recipe_info_summary 
FROM recipe_info JOIN recipes_contribution ON recipe_info.id_recipe = recipes_contribution.id_recipe 
WHERE recipes_contribution.accept_contribution = true]
(Background on this error at: https://sqlalche.me/e/20/f405) [in D:\Education\Food-recognition-app\Backend-APi\app\controllers\detect_controller.py:582]
